{"C:\\Users\\Lara.cardoso\\Desktop\\personal\\Accenture-Challange\\Accenture-Challange\\backend-tests\\src\\utils\\request.js": {"path":"C:\\Users\\Lara.cardoso\\Desktop\\personal\\Accenture-Challange\\Accenture-Challange\\backend-tests\\src\\utils\\request.js","statementMap":{"0":{"start":{"line":1,"column":18},"end":{"line":1,"column":38}},"1":{"start":{"line":2,"column":0},"end":{"line":2,"column":27}},"2":{"start":{"line":4,"column":17},"end":{"line":4,"column":61}},"3":{"start":{"line":5,"column":0},"end":{"line":5,"column":37}}},"fnMap":{},"branchMap":{"0":{"loc":{"start":{"line":4,"column":17},"end":{"line":4,"column":61}},"type":"binary-expr","locations":[{"start":{"line":4,"column":17},"end":{"line":4,"column":37}},{"start":{"line":4,"column":41},"end":{"line":4,"column":61}}],"line":4}},"s":{"0":2,"1":2,"2":2,"3":2},"f":{},"b":{"0":[2,0]},"_coverageSchema":"1a1c01bbd47fc00a2c39e90264f33305004495a9","hash":"d69af2d9e2f1c90cc96fb96d914d563f6708f14d"}
}
